Mdi:ArrangeIcons
Mdi:ArrangeIcons
Mdi:ArrangeIcons
wm geometry . 1160x600+20+31
Mdi:ArrangeIcons
Mdi:ArrangeIcons
Mdi:ArrangeIcons
Mdi:ArrangeIcons
Mdi:ArrangeIcons
Mdi:ArrangeIcons
Mdi:ArrangeIcons
Mdi:ArrangeIcons
Mdi:ArrangeIcons
Mdi:ArrangeIcons
Mdi:ArrangeIcons
Mdi:ArrangeIcons
Mdi:ArrangeIcons
Mdi:ArrangeIcons
Mdi:ArrangeIcons
Mdi:ArrangeIcons
Mdi:ArrangeIcons
Mdi:ArrangeIcons
Mdi:ArrangeIcons
Mdi:ArrangeIcons
Mdi:ArrangeIcons
Mdi:ArrangeIcons
Mdi:ArrangeIcons
Mdi:ArrangeIcons
Mdi:ArrangeIcons
Mdi:ArrangeIcons
Mdi:ArrangeIcons
Mdi:ArrangeIcons
Mdi:ArrangeIcons
Mdi:ArrangeIcons
Mdi:ArrangeIcons
Mdi:ArrangeIcons
Mdi:ArrangeIcons
Mdi:ArrangeIcons
Mdi:ArrangeIcons
Mdi:ArrangeIcons
Mdi:ArrangeIcons
Mdi:ArrangeIcons
Mdi:ArrangeIcons
Mdi:ArrangeIcons
Mdi:ArrangeIcons
Mdi:ArrangeIcons
Mdi:ArrangeIcons
Mdi:ArrangeIcons
Mdi:ArrangeIcons
Mdi:ArrangeIcons
Mdi:ArrangeIcons
Mdi:ArrangeIcons
Mdi:ArrangeIcons
Mdi:ArrangeIcons
Mdi:ArrangeIcons
Mdi:ArrangeIcons
Mdi:ArrangeIcons
Mdi:ArrangeIcons
Mdi:ArrangeIcons
Mdi:ArrangeIcons
Mdi:ArrangeIcons
ScopeSigMgr:loadpffile /home/vprabhu/lab2/Lab2.tr0 1 openonly
# PF:1
wm geometry .sigmgr._PF:1 232x242+640+360
pf:read PF:1 v(7)
# WF:1:1
Graph addsignal WF:1:1 -region new -yview real(y) -xview real(x) -tracehi 2
# Signal0
Mdi:ArrangeIcons
Mdi:ArrangeIcons
Mdi:ArrangeIcons
Mdi:ArrangeIcons
pf:read PF:1 v(8)
# WF:1:2
Graph addsignal WF:1:2 -region new -yview real(y) -xview real(x) -tracehi 2
# Signal1
Mdi:ArrangeIcons
Mdi:ArrangeIcons
Mdi:ArrangeIcons
Mdi:ArrangeIcons
pf:read PF:1 v(9)
# WF:1:3
Graph addsignal WF:1:3 -region new -yview real(y) -xview real(x) -tracehi 2
# Signal2
Mdi:ArrangeIcons
Mdi:ArrangeIcons
Mdi:ArrangeIcons
Mdi:ArrangeIcons
pf:read PF:1 v(10)
# WF:1:4
Graph addsignal WF:1:4 -region new -yview real(y) -xview real(x) -tracehi 2
# Signal3
Mdi:ArrangeIcons
Mdi:ArrangeIcons
Mdi:ArrangeIcons
Mdi:ArrangeIcons
pf:read PF:1 v(11)
# WF:1:5
Graph addsignal WF:1:5 -region new -yview real(y) -xview real(x) -tracehi 2
# Signal4
Mdi:ArrangeIcons
Mdi:ArrangeIcons
Mdi:ArrangeIcons
Mdi:ArrangeIcons
pf:read PF:1 v(13)
# WF:1:6
Graph addsignal WF:1:6 -region new -yview real(y) -xview real(x) -tracehi 2
# Signal5
Mdi:ArrangeIcons
Mdi:ArrangeIcons
Mdi:ArrangeIcons
Mdi:ArrangeIcons
pf:read PF:1 v(14)
# WF:1:7
Graph addsignal WF:1:7 -region new -yview real(y) -xview real(x) -tracehi 2
# Signal6
Mdi:ArrangeIcons
Mdi:ArrangeIcons
Mdi:ArrangeIcons
Mdi:ArrangeIcons
pf:read PF:1 v(20)
# WF:1:8
Graph addsignal WF:1:8 -region new -yview real(y) -xview real(x) -tracehi 2
# Signal7
Mdi:ArrangeIcons
Mdi:ArrangeIcons
Mdi:ArrangeIcons
Mdi:ArrangeIcons
pf:read PF:1 v(23)
# WF:1:9
Graph addsignal WF:1:9 -region new -yview real(y) -xview real(x) -tracehi 2
# Signal8
Mdi:ArrangeIcons
Mdi:ArrangeIcons
Mdi:ArrangeIcons
Mdi:ArrangeIcons
pf:read PF:1 v(24)
# WF:1:10
Graph addsignal WF:1:10 -region new -yview real(y) -xview real(x) -tracehi 2
# Signal9
Mdi:ArrangeIcons
Mdi:ArrangeIcons
Mdi:ArrangeIcons
Mdi:ArrangeIcons
pf:read PF:1 v(22)
# WF:1:11
Graph addsignal WF:1:11 -region new -yview real(y) -xview real(x) -tracehi 2
# Signal10
Mdi:ArrangeIcons
Mdi:ArrangeIcons
Mdi:ArrangeIcons
Mdi:ArrangeIcons
pf:read PF:1 v(25)
# WF:1:12
Graph addsignal WF:1:12 -region new -yview real(y) -xview real(x) -tracehi 2
# Signal11
Mdi:ArrangeIcons
Mdi:ArrangeIcons
Mdi:ArrangeIcons
Mdi:ArrangeIcons
pf:read PF:1 v(21)
# WF:1:13
Graph addsignal WF:1:13 -region new -yview real(y) -xview real(x) -tracehi 2
# Signal12
Mdi:ArrangeIcons
Mdi:ArrangeIcons
Mdi:ArrangeIcons
Mdi:ArrangeIcons
pf:read PF:1 v(26)
# WF:1:14
Graph addsignal WF:1:14 -region new -yview real(y) -xview real(x) -tracehi 2
# Signal13
Mdi:ArrangeIcons
Mdi:ArrangeIcons
Mdi:ArrangeIcons
Mdi:ArrangeIcons
pf:read PF:1 v(28)
# WF:1:15
Graph addsignal WF:1:15 -region new -yview real(y) -xview real(x) -tracehi 2
# Signal14
Mdi:ArrangeIcons
Mdi:ArrangeIcons
Mdi:ArrangeIcons
Mdi:ArrangeIcons
pf:read PF:1 v(29)
# WF:1:16
Graph addsignal WF:1:16 -region new -yview real(y) -xview real(x) -tracehi 2
# Signal15
Mdi:ArrangeIcons
Mdi:ArrangeIcons
Mdi:ArrangeIcons
Mdi:ArrangeIcons
pf:read PF:1 v(30)
# WF:1:17
Graph addsignal WF:1:17 -region new -yview real(y) -xview real(x) -tracehi 2
# Signal16
Mdi:ArrangeIcons
Mdi:ArrangeIcons
Mdi:ArrangeIcons
Mdi:ArrangeIcons
pf:read PF:1 v(31)
# WF:1:18
Graph addsignal WF:1:18 -region new -yview real(y) -xview real(x) -tracehi 2
# Signal17
Mdi:ArrangeIcons
Mdi:ArrangeIcons
Mdi:ArrangeIcons
Mdi:ArrangeIcons
pf:read PF:1 v(34)
# WF:1:19
Graph addsignal WF:1:19 -region new -yview real(y) -xview real(x) -tracehi 2
# Signal18
Mdi:ArrangeIcons
Mdi:ArrangeIcons
Mdi:ArrangeIcons
Mdi:ArrangeIcons
pf:read PF:1 v(35)
# WF:1:20
Graph addsignal WF:1:20 -region new -yview real(y) -xview real(x) -tracehi 2
# Signal19
Mdi:ArrangeIcons
Mdi:ArrangeIcons
Mdi:ArrangeIcons
Mdi:ArrangeIcons
pf:read PF:1 v(37)
# WF:1:21
Graph addsignal WF:1:21 -region new -yview real(y) -xview real(x) -tracehi 2
# Signal20
Mdi:ArrangeIcons
Mdi:ArrangeIcons
Mdi:ArrangeIcons
Mdi:ArrangeIcons
pf:read PF:1 v(38)
# WF:1:22
Graph addsignal WF:1:22 -region new -yview real(y) -xview real(x) -tracehi 2
# Signal21
Mdi:ArrangeIcons
Mdi:ArrangeIcons
Mdi:ArrangeIcons
Mdi:ArrangeIcons
pf:read PF:1 v(40)
# WF:1:23
Graph addsignal WF:1:23 -region new -yview real(y) -xview real(x) -tracehi 2
# Signal22
Mdi:ArrangeIcons
Mdi:ArrangeIcons
Mdi:ArrangeIcons
Mdi:ArrangeIcons
pf:read PF:1 v(41)
# WF:1:24
Graph addsignal WF:1:24 -region new -yview real(y) -xview real(x) -tracehi 2
# Signal23
Mdi:ArrangeIcons
Mdi:ArrangeIcons
Mdi:ArrangeIcons
Mdi:ArrangeIcons
pf:read PF:1 v(42)
# WF:1:25
Graph addsignal WF:1:25 -region new -yview real(y) -xview real(x) -tracehi 2
# Signal24
Mdi:ArrangeIcons
Mdi:ArrangeIcons
Mdi:ArrangeIcons
Mdi:ArrangeIcons
pf:read PF:1 v(43)
# WF:1:26
Graph addsignal WF:1:26 -region new -yview real(y) -xview real(x) -tracehi 2
# Signal25
Mdi:ArrangeIcons
Mdi:ArrangeIcons
Mdi:ArrangeIcons
Mdi:ArrangeIcons
pf:read PF:1 v(46)
# WF:1:27
Graph addsignal WF:1:27 -region new -yview real(y) -xview real(x) -tracehi 2
# Signal26
Mdi:ArrangeIcons
Mdi:ArrangeIcons
Mdi:ArrangeIcons
Mdi:ArrangeIcons
pf:read PF:1 v(47)
# WF:1:28
Graph addsignal WF:1:28 -region new -yview real(y) -xview real(x) -tracehi 2
# Signal27
Mdi:ArrangeIcons
Mdi:ArrangeIcons
Mdi:ArrangeIcons
Mdi:ArrangeIcons
pf:read PF:1 v(49)
# WF:1:29
Graph addsignal WF:1:29 -region new -yview real(y) -xview real(x) -tracehi 2
# Signal28
Mdi:ArrangeIcons
Mdi:ArrangeIcons
Mdi:ArrangeIcons
Mdi:ArrangeIcons
pf:read PF:1 v(50)
# WF:1:30
Graph addsignal WF:1:30 -region new -yview real(y) -xview real(x) -tracehi 2
# Signal29
Mdi:ArrangeIcons
Mdi:ArrangeIcons
Mdi:ArrangeIcons
Mdi:ArrangeIcons
pf:read PF:1 v(51)
# WF:1:31
Graph addsignal WF:1:31 -region new -yview real(y) -xview real(x) -tracehi 2
# Signal30
Mdi:ArrangeIcons
Mdi:ArrangeIcons
Mdi:ArrangeIcons
Mdi:ArrangeIcons
pf:read PF:1 v(52)
# WF:1:32
Graph addsignal WF:1:32 -region new -yview real(y) -xview real(x) -tracehi 2
# Signal31
Mdi:ArrangeIcons
Mdi:ArrangeIcons
Mdi:ArrangeIcons
Mdi:ArrangeIcons
pf:read PF:1 v(53)
# WF:1:33
Graph addsignal WF:1:33 -region new -yview real(y) -xview real(x) -tracehi 2
# Signal32
Mdi:ArrangeIcons
Mdi:ArrangeIcons
Mdi:ArrangeIcons
Mdi:ArrangeIcons
pf:read PF:1 v(54)
# WF:1:34
Graph addsignal WF:1:34 -region new -yview real(y) -xview real(x) -tracehi 2
# Signal33
Mdi:ArrangeIcons
Mdi:ArrangeIcons
Mdi:ArrangeIcons
Mdi:ArrangeIcons
wm geometry .sigmgr._PF:1 232x242+0+0
Mdi:ArrangeIcons
wm geometry .sigmgr._PF:1 232x242+640+360
wm geometry .sigmgr._PF:1 232x242+0+0
Mdi:ArrangeIcons
Mdi:Resize 558 478
Mdi:Move 5 5
Mdi:ArrangeIcons
Mdi:ArrangeIcons
Mdi:ArrangeIcons
Mdi:ArrangeIcons
Mdi:ArrangeIcons
Mdi:ArrangeIcons
Mdi:ArrangeIcons
Mdi:ArrangeIcons
Mdi:ArrangeIcons
Mdi:ArrangeIcons
Mdi:ArrangeIcons
Mdi:ArrangeIcons
Mdi:ArrangeIcons
Mdi:ArrangeIcons
Mdi:ArrangeIcons
Mdi:ArrangeIcons
Mdi:ArrangeIcons
Mdi:ArrangeIcons
wm geometry . 1160x600+0+0
Mdi:ArrangeIcons
wm geometry . 1160x600+20+31
Mdi:ArrangeIcons
wm geometry . 1160x600+0+0
Mdi:ArrangeIcons
Mdi:ArrangeIcons
wm geometry . 1160x600+20+31
Mdi:ArrangeIcons
Mdi:ArrangeIcons
wm geometry . 1160x600+0+0
Mdi:ArrangeIcons
wm geometry . 1160x600+20+31
Mdi:ArrangeIcons
Mdi:ArrangeIcons
Mdi:ArrangeIcons
Mdi:ArrangeIcons
Mdi:ArrangeIcons
Mdi:ArrangeIcons
Mdi:ArrangeIcons
Mdi:ArrangeIcons
Mdi:ArrangeIcons
GrXY:NewGraph
# Graph1
Mdi:ArrangeIcons
Mdi:ArrangeIcons
Mdi:ArrangeIcons
Mdi:ArrangeIcons
wm geometry .sigmgr 376x204+135+527
wm geometry .sigmgr 376x204+794+110
wm geometry .sigmgr 376x204+135+527
Mdi:Move 574 8
Mdi:Resize 536 434
Mdi:Move 574 8
Mdi:ArrangeIcons
Mdi:ArrangeIcons
Mdi:ArrangeIcons
Mdi:ArrangeIcons
Mdi:ArrangeIcons
Mdi:ArrangeIcons
Mdi:ArrangeIcons
Mdi:ArrangeIcons
Mdi:Resize 569 470
Mdi:Move 574 8
Mdi:ArrangeIcons
Mdi:ArrangeIcons
Mdi:ArrangeIcons
Mdi:ArrangeIcons
Mdi:ArrangeIcons
Mdi:ArrangeIcons
Mdi:ArrangeIcons
Mdi:ArrangeIcons
Mdi:Resize 569 473
Mdi:Move 574 5
Mdi:ArrangeIcons
Mdi:ArrangeIcons
Mdi:ArrangeIcons
Mdi:ArrangeIcons
Mdi:ArrangeIcons
Mdi:ArrangeIcons
Mdi:ArrangeIcons
Mdi:ArrangeIcons
Graph:Select Graph1
Graph:DSel 0
Mdi:ArrangeIcons
Mdi:ArrangeIcons
Mdi:ArrangeIcons
Mdi:ArrangeIcons
Mdi:ArrangeIcons
Mdi:ArrangeIcons
Mdi:ArrangeIcons
Mdi:ArrangeIcons
Mdi:ArrangeIcons
Mdi:ArrangeIcons
Mdi:ArrangeIcons
Mdi:ArrangeIcons
Mdi:ArrangeIcons
Mdi:ArrangeIcons
Mdi:ArrangeIcons
Mdi:ArrangeIcons
Mdi:ArrangeIcons
Mdi:ArrangeIcons
Graph:DSel
Mdi:ArrangeIcons
Mdi:ArrangeIcons
Mdi:ArrangeIcons
Mdi:ArrangeIcons
Mdi:ArrangeIcons
Mdi:ArrangeIcons
Mdi:ArrangeIcons
Mdi:ArrangeIcons
Mdi:ArrangeIcons
Mdi:ArrangeIcons
Mdi:ArrangeIcons
Mdi:ArrangeIcons
Mdi:ArrangeIcons
Mdi:ArrangeIcons
Mdi:ArrangeIcons
Mdi:ArrangeIcons
Mdi:ArrangeIcons
Mdi:ArrangeIcons
ScopeSigMgr:loadpffile /home/vprabhu/lab2/Lab2b.tr0 1 openonly
# PF:2
wm geometry .sigmgr._PF:2 232x242+670+390
wm geometry .sigmgr._PF:2 232x242+660+279
pf:read PF:2 v(7)
# WF:2:1
Graph addsignal WF:2:1 -region new -yview real(y) -xview real(x) -tracehi 2
# Signal0
Mdi:ArrangeIcons
Mdi:ArrangeIcons
Mdi:ArrangeIcons
Mdi:ArrangeIcons
wm geometry .sigmgr._PF:2 232x242+873+354
wm geometry .sigmgr._PF:2 232x242+850+276
pf:read PF:2 v(8)
# WF:2:2
Graph addsignal WF:2:2 -region new -yview real(y) -xview real(x) -tracehi 2
# Signal1
Mdi:ArrangeIcons
Mdi:ArrangeIcons
Mdi:ArrangeIcons
Mdi:ArrangeIcons
pf:read PF:2 v(9)
# WF:2:3
Graph addsignal WF:2:3 -region new -yview real(y) -xview real(x) -tracehi 2
# Signal2
Mdi:ArrangeIcons
Mdi:ArrangeIcons
Mdi:ArrangeIcons
Mdi:ArrangeIcons
pf:read PF:2 v(10)
# WF:2:4
Graph addsignal WF:2:4 -region new -yview real(y) -xview real(x) -tracehi 2
# Signal3
Mdi:ArrangeIcons
Mdi:ArrangeIcons
Mdi:ArrangeIcons
Mdi:ArrangeIcons
pf:read PF:2 v(11)
# WF:2:5
Graph addsignal WF:2:5 -region new -yview real(y) -xview real(x) -tracehi 2
# Signal4
Mdi:ArrangeIcons
Mdi:ArrangeIcons
Mdi:ArrangeIcons
Mdi:ArrangeIcons
pf:read PF:2 v(13)
# WF:2:6
Graph addsignal WF:2:6 -region new -yview real(y) -xview real(x) -tracehi 2
# Signal5
Mdi:ArrangeIcons
Mdi:ArrangeIcons
Mdi:ArrangeIcons
Mdi:ArrangeIcons
pf:read PF:2 v(14)
# WF:2:7
Graph addsignal WF:2:7 -region new -yview real(y) -xview real(x) -tracehi 2
# Signal6
Mdi:ArrangeIcons
Mdi:ArrangeIcons
Mdi:ArrangeIcons
Mdi:ArrangeIcons
pf:read PF:2 v(20)
# WF:2:8
Graph addsignal WF:2:8 -region new -yview real(y) -xview real(x) -tracehi 2
# Signal7
Mdi:ArrangeIcons
Mdi:ArrangeIcons
Mdi:ArrangeIcons
Mdi:ArrangeIcons
pf:read PF:2 v(23)
# WF:2:9
Graph addsignal WF:2:9 -region new -yview real(y) -xview real(x) -tracehi 2
# Signal8
Mdi:ArrangeIcons
Mdi:ArrangeIcons
Mdi:ArrangeIcons
Mdi:ArrangeIcons
pf:read PF:2 v(24)
# WF:2:10
Graph addsignal WF:2:10 -region new -yview real(y) -xview real(x) -tracehi 2
# Signal9
Mdi:ArrangeIcons
Mdi:ArrangeIcons
Mdi:ArrangeIcons
Mdi:ArrangeIcons
pf:read PF:2 v(22)
# WF:2:11
Graph addsignal WF:2:11 -region new -yview real(y) -xview real(x) -tracehi 2
# Signal10
Mdi:ArrangeIcons
Mdi:ArrangeIcons
Mdi:ArrangeIcons
Mdi:ArrangeIcons
pf:read PF:2 v(25)
# WF:2:12
Graph addsignal WF:2:12 -region new -yview real(y) -xview real(x) -tracehi 2
# Signal11
Mdi:ArrangeIcons
Mdi:ArrangeIcons
Mdi:ArrangeIcons
Mdi:ArrangeIcons
pf:read PF:2 v(21)
# WF:2:13
Graph addsignal WF:2:13 -region new -yview real(y) -xview real(x) -tracehi 2
# Signal12
Mdi:ArrangeIcons
Mdi:ArrangeIcons
Mdi:ArrangeIcons
Mdi:ArrangeIcons
pf:read PF:2 v(26)
# WF:2:14
Graph addsignal WF:2:14 -region new -yview real(y) -xview real(x) -tracehi 2
# Signal13
Mdi:ArrangeIcons
Mdi:ArrangeIcons
Mdi:ArrangeIcons
Mdi:ArrangeIcons
pf:read PF:2 v(27)
# WF:2:15
Graph addsignal WF:2:15 -region new -yview real(y) -xview real(x) -tracehi 2
# Signal14
Mdi:ArrangeIcons
Mdi:ArrangeIcons
Mdi:ArrangeIcons
Mdi:ArrangeIcons
pf:read PF:2 v(28)
# WF:2:16
Graph addsignal WF:2:16 -region new -yview real(y) -xview real(x) -tracehi 2
# Signal15
Mdi:ArrangeIcons
Mdi:ArrangeIcons
Mdi:ArrangeIcons
Mdi:ArrangeIcons
pf:read PF:2 v(29)
# WF:2:17
Graph addsignal WF:2:17 -region new -yview real(y) -xview real(x) -tracehi 2
# Signal16
Mdi:ArrangeIcons
Mdi:ArrangeIcons
Mdi:ArrangeIcons
Mdi:ArrangeIcons
pf:read PF:2 v(30)
# WF:2:18
Graph addsignal WF:2:18 -region new -yview real(y) -xview real(x) -tracehi 2
# Signal17
Mdi:ArrangeIcons
Mdi:ArrangeIcons
Mdi:ArrangeIcons
Mdi:ArrangeIcons
pf:read PF:2 v(31)
# WF:2:19
Graph addsignal WF:2:19 -region new -yview real(y) -xview real(x) -tracehi 2
# Signal18
Mdi:ArrangeIcons
Mdi:ArrangeIcons
Mdi:ArrangeIcons
Mdi:ArrangeIcons
pf:read PF:2 v(34)
# WF:2:20
Graph addsignal WF:2:20 -region new -yview real(y) -xview real(x) -tracehi 2
# Signal19
Mdi:ArrangeIcons
Mdi:ArrangeIcons
Mdi:ArrangeIcons
Mdi:ArrangeIcons
pf:read PF:2 v(35)
# WF:2:21
Graph addsignal WF:2:21 -region new -yview real(y) -xview real(x) -tracehi 2
# Signal20
Mdi:ArrangeIcons
Mdi:ArrangeIcons
Mdi:ArrangeIcons
Mdi:ArrangeIcons
pf:read PF:2 v(37)
# WF:2:22
Graph addsignal WF:2:22 -region new -yview real(y) -xview real(x) -tracehi 2
# Signal21
Mdi:ArrangeIcons
Mdi:ArrangeIcons
Mdi:ArrangeIcons
Mdi:ArrangeIcons
pf:read PF:2 v(38)
# WF:2:23
Graph addsignal WF:2:23 -region new -yview real(y) -xview real(x) -tracehi 2
# Signal22
Mdi:ArrangeIcons
Mdi:ArrangeIcons
Mdi:ArrangeIcons
Mdi:ArrangeIcons
pf:read PF:2 v(40)
# WF:2:24
Graph addsignal WF:2:24 -region new -yview real(y) -xview real(x) -tracehi 2
# Signal23
Mdi:ArrangeIcons
Mdi:ArrangeIcons
Mdi:ArrangeIcons
Mdi:ArrangeIcons
pf:read PF:2 v(41)
# WF:2:25
Graph addsignal WF:2:25 -region new -yview real(y) -xview real(x) -tracehi 2
# Signal24
Mdi:ArrangeIcons
Mdi:ArrangeIcons
Mdi:ArrangeIcons
Mdi:ArrangeIcons
pf:read PF:2 v(42)
# WF:2:26
Graph addsignal WF:2:26 -region new -yview real(y) -xview real(x) -tracehi 2
# Signal25
Mdi:ArrangeIcons
Mdi:ArrangeIcons
Mdi:ArrangeIcons
Mdi:ArrangeIcons
pf:read PF:2 v(43)
# WF:2:27
Graph addsignal WF:2:27 -region new -yview real(y) -xview real(x) -tracehi 2
# Signal26
Mdi:ArrangeIcons
Mdi:ArrangeIcons
Mdi:ArrangeIcons
Mdi:ArrangeIcons
pf:read PF:2 v(46)
# WF:2:28
Graph addsignal WF:2:28 -region new -yview real(y) -xview real(x) -tracehi 2
# Signal27
Mdi:ArrangeIcons
Mdi:ArrangeIcons
Mdi:ArrangeIcons
Mdi:ArrangeIcons
pf:read PF:2 v(47)
# WF:2:29
Graph addsignal WF:2:29 -region new -yview real(y) -xview real(x) -tracehi 2
# Signal28
Mdi:ArrangeIcons
Mdi:ArrangeIcons
Mdi:ArrangeIcons
Mdi:ArrangeIcons
pf:read PF:2 v(49)
# WF:2:30
Graph addsignal WF:2:30 -region new -yview real(y) -xview real(x) -tracehi 2
# Signal29
Mdi:ArrangeIcons
Mdi:ArrangeIcons
Mdi:ArrangeIcons
Mdi:ArrangeIcons
pf:read PF:2 v(50)
# WF:2:31
Graph addsignal WF:2:31 -region new -yview real(y) -xview real(x) -tracehi 2
# Signal30
Mdi:ArrangeIcons
Mdi:ArrangeIcons
Mdi:ArrangeIcons
Mdi:ArrangeIcons
pf:read PF:2 v(51)
# WF:2:32
Graph addsignal WF:2:32 -region new -yview real(y) -xview real(x) -tracehi 2
# Signal31
Mdi:ArrangeIcons
Mdi:ArrangeIcons
Mdi:ArrangeIcons
Mdi:ArrangeIcons
pf:read PF:2 v(52)
# WF:2:33
Graph addsignal WF:2:33 -region new -yview real(y) -xview real(x) -tracehi 2
# Signal32
Mdi:ArrangeIcons
Mdi:ArrangeIcons
Mdi:ArrangeIcons
Mdi:ArrangeIcons
pf:read PF:2 v(53)
# WF:2:34
Graph addsignal WF:2:34 -region new -yview real(y) -xview real(x) -tracehi 2
# Signal33
Mdi:ArrangeIcons
Mdi:ArrangeIcons
Mdi:ArrangeIcons
Mdi:ArrangeIcons
pf:read PF:2 v(54)
# WF:2:35
Graph addsignal WF:2:35 -region new -yview real(y) -xview real(x) -tracehi 2
# Signal34
Mdi:ArrangeIcons
Mdi:ArrangeIcons
Mdi:ArrangeIcons
Mdi:ArrangeIcons
wm geometry .sigmgr._PF:2 232x242+746+682
Mdi:ArrangeIcons
Mdi:ArrangeIcons
wm geometry .sigmgr 376x204+261+689
Mdi:ArrangeIcons
wm geometry . 1280x628+0+23
Mdi:ArrangeIcons
Mdi:Move 698 4
Graph:Select Graph0
Mdi:ArrangeIcons
Mdi:ArrangeIcons
Mdi:Resize 587 478
Mdi:Move 5 5
Mdi:ArrangeIcons
Mdi:ArrangeIcons
Mdi:ArrangeIcons
Mdi:ArrangeIcons
Mdi:ArrangeIcons
Mdi:ArrangeIcons
Mdi:ArrangeIcons
Mdi:ArrangeIcons
Mdi:ArrangeIcons
Mdi:ArrangeIcons
Mdi:ArrangeIcons
Mdi:ArrangeIcons
Graph:Select Graph1
Mdi:ArrangeIcons
Mdi:ArrangeIcons
Mdi:Resize 607 473
Mdi:Move 660 4
Mdi:ArrangeIcons
Mdi:ArrangeIcons
Mdi:ArrangeIcons
Mdi:ArrangeIcons
Mdi:ArrangeIcons
Mdi:ArrangeIcons
Mdi:ArrangeIcons
Mdi:ArrangeIcons
Mdi:ArrangeIcons
Mdi:ArrangeIcons
Mdi:ArrangeIcons
Mdi:ArrangeIcons
Graph:Select Graph0
Mdi:ArrangeIcons
Mdi:ArrangeIcons
Mdi:Resize 627 478
Mdi:Move 5 5
Mdi:ArrangeIcons
Mdi:ArrangeIcons
Mdi:ArrangeIcons
Mdi:ArrangeIcons
Mdi:ArrangeIcons
Mdi:ArrangeIcons
Mdi:ArrangeIcons
Mdi:ArrangeIcons
Mdi:ArrangeIcons
Mdi:ArrangeIcons
Mdi:ArrangeIcons
Mdi:ArrangeIcons
wm geometry .sigmgr 376x204+261+472
wm geometry .sigmgr._PF:2 232x242+746+434
wm geometry .sigmgr 376x204+279+694
wm geometry .sigmgr 376x204+261+472
wm geometry .sigmgr 376x204+279+694
Mdi:ArrangeIcons
wm geometry .sigmgr._PF:2 232x242+754+694
wm geometry .sigmgr._PF:2 232x242+746+434
Mdi:ArrangeIcons
wm geometry .sigmgr._PF:2 232x242+754+694
wm geometry .sigmgr._PF:2 232x242+746+434
wm geometry .sigmgr._PF:2 232x242+757+688
Mdi:ArrangeIcons
Mdi:ArrangeIcons
Mdi:ArrangeIcons
Mdi:ArrangeIcons
Mdi:ArrangeIcons
Mdi:ArrangeIcons
Graph:Select Graph1
Mdi:ArrangeIcons
Mdi:ArrangeIcons
Mdi:ArrangeIcons
Mdi:ArrangeIcons
Mdi:ArrangeIcons
Mdi:ArrangeIcons
Graph axisconfig {AxisX(0) AxisY(0,0) AxisY(1,0) AxisY(10,0) AxisY(11,0) AxisY(12,0) AxisY(13,0) AxisY(14,0) AxisY(15,0) AxisY(16,0) AxisY(17,0) AxisY(18,0) AxisY(19,0) AxisY(2,0) AxisY(20,0) AxisY(21,0) AxisY(22,0) AxisY(23,0) AxisY(24,0) AxisY(25,0) AxisY(26,0) AxisY(27,0) AxisY(28,0) AxisY(29,0) AxisY(3,0) AxisY(30,0) AxisY(31,0) AxisY(32,0) AxisY(33,0) AxisY(34,0) AxisY(4,0) AxisY(5,0) AxisY(6,0) AxisY(7,0) AxisY(8,0) AxisY(9,0)} -range {all all all all all all all all all all all all all all all all all all all all all all all all all all all all all all all all all all all all} -zoomed {0 0 0 0 0 0 0 0 0 0 0 0 0 0 0 0 0 0 0 0 0 0 0 0 0 0 0 0 0 0 0 0 0 0 0 0}
Mdi:ArrangeIcons
Mdi:ArrangeIcons
Mdi:ArrangeIcons
Mdi:ArrangeIcons
Mdi:Resize 620 467
Mdi:Move 647 4
Mdi:ArrangeIcons
Mdi:ArrangeIcons
Mdi:ArrangeIcons
Mdi:ArrangeIcons
Mdi:ArrangeIcons
Mdi:ArrangeIcons
Mdi:ArrangeIcons
Mdi:ArrangeIcons
Mdi:ArrangeIcons
Mdi:ArrangeIcons
Mdi:ArrangeIcons
Mdi:ArrangeIcons
Mdi:Resize 620 478
Mdi:Move 647 4
Mdi:ArrangeIcons
Mdi:ArrangeIcons
Mdi:ArrangeIcons
Mdi:ArrangeIcons
Mdi:ArrangeIcons
Mdi:ArrangeIcons
Mdi:ArrangeIcons
Mdi:ArrangeIcons
Mdi:ArrangeIcons
Mdi:ArrangeIcons
Mdi:ArrangeIcons
Mdi:ArrangeIcons
Mdi:ArrangeIcons
Mdi:ArrangeIcons
wm geometry . 1280x628+0+0
Mdi:ArrangeIcons
wm geometry . 1280x628+0+23
Mdi:ArrangeIcons
wm geometry . 1280x628+0+0
Mdi:ArrangeIcons
Mdi:ArrangeIcons
wm geometry . 1280x628+0+23
Mdi:ArrangeIcons
wm geometry . 1280x628+0+0
Mdi:ArrangeIcons
wm geometry . 1280x628+0+23
Mdi:ArrangeIcons
Mdi:ArrangeIcons
Mdi:ArrangeIcons
Mdi:ArrangeIcons
Mdi:ArrangeIcons
Mdi:ArrangeIcons
Mdi:ArrangeIcons
Mdi:ArrangeIcons
Mdi:ArrangeIcons
Mdi:ArrangeIcons
Mdi:ArrangeIcons
Mdi:ArrangeIcons
Mdi:ArrangeIcons
Mdi:ArrangeIcons
Mdi:ArrangeIcons
Mdi:ArrangeIcons
Mdi:ArrangeIcons
Mdi:ArrangeIcons
Mdi:ArrangeIcons
Mdi:ArrangeIcons
Mdi:ArrangeIcons
Mdi:ArrangeIcons
Mdi:ArrangeIcons
Mdi:ArrangeIcons
Mdi:ArrangeIcons
Mdi:ArrangeIcons
Mdi:ArrangeIcons
Mdi:ArrangeIcons
Mdi:ArrangeIcons
Mdi:ArrangeIcons
Mdi:ArrangeIcons
Mdi:ArrangeIcons
Mdi:ArrangeIcons
Mdi:ArrangeIcons
Mdi:ArrangeIcons
Mdi:ArrangeIcons
Mdi:ArrangeIcons
Mdi:ArrangeIcons
Mdi:ArrangeIcons
Mdi:ArrangeIcons
Mdi:ArrangeIcons
Mdi:ArrangeIcons
Mdi:ArrangeIcons
Mdi:ArrangeIcons
Mdi:ArrangeIcons
Mdi:ArrangeIcons
Mdi:ArrangeIcons
Mdi:ArrangeIcons
Mdi:ArrangeIcons
Mdi:ArrangeIcons
Mdi:ArrangeIcons
Mdi:ArrangeIcons
Mdi:ArrangeIcons
Mdi:ArrangeIcons
Mdi:ArrangeIcons
Mdi:ArrangeIcons
Mdi:ArrangeIcons
Mdi:ArrangeIcons
Mdi:ArrangeIcons
Mdi:ArrangeIcons
ScopeSigMgr:Unload 0 {{(1) Lab2.tr0}}
Mdi:ArrangeIcons
wm geometry .sigmgr._PF:1 232x242+640+360
Mdi:ArrangeIcons
wm geometry .sigmgr._PF:1 232x242+0+0
Mdi:ArrangeIcons
wm geometry .sigmgr._PF:1 232x242+640+360
Mdi:ArrangeIcons
ScopeSigMgr:Unload 0 {{(1) Lab2.tr0}}
Graph0 delsignal Signal0
Graph0 delsignal Signal1
Graph0 delsignal Signal2
Graph0 delsignal Signal3
Graph0 delsignal Signal4
Graph0 delsignal Signal5
Graph0 delsignal Signal6
Graph0 delsignal Signal7
Graph0 delsignal Signal8
Graph0 delsignal Signal9
Graph0 delsignal Signal10
Graph0 delsignal Signal11
Graph0 delsignal Signal12
Graph0 delsignal Signal13
Graph0 delsignal Signal14
Graph0 delsignal Signal15
Graph0 delsignal Signal16
Graph0 delsignal Signal17
Graph0 delsignal Signal18
Graph0 delsignal Signal19
Graph0 delsignal Signal20
Graph0 delsignal Signal21
Graph0 delsignal Signal22
Graph0 delsignal Signal23
Graph0 delsignal Signal24
Graph0 delsignal Signal25
Graph0 delsignal Signal26
Graph0 delsignal Signal27
Graph0 delsignal Signal28
Graph0 delsignal Signal29
Graph0 delsignal Signal30
Graph0 delsignal Signal31
Graph0 delsignal Signal32
Graph0 delsignal Signal33
Mdi:ArrangeIcons
Mdi:ArrangeIcons
Mdi:ArrangeIcons
Mdi:ArrangeIcons
Mdi:ArrangeIcons
Mdi:ArrangeIcons
